2026-06-03 10:07:11,006 - INFO - Forecast requested horizon=5
2026-06-03 10:09:27,051 - INFO - 1 change detected
2026-06-03 10:10:45,843 - INFO - 1 change detected
2026-06-03 10:10:47,109 - INFO - 1 change detected
2026-06-03 10:11:22,409 - INFO - 2 changes detected
2026-06-03 10:11:22,765 - INFO - 1 change detected
2026-06-03 10:11:23,528 - INFO - 1 change detected
2026-06-03 10:12:14,465 - INFO - 1 change detected
2026-06-03 10:12:41,670 - INFO - 3 changes detected
2026-06-03 10:12:42,032 - INFO - 1 change detected
2026-06-03 10:12:42,433 - INFO - 1 change detected
2026-06-03 10:12:42,846 - INFO - 2 changes detected
2026-06-03 10:12:43,252 - INFO - 1 change detected
2026-06-03 10:12:43,658 - INFO - 1 change detected
2026-06-03 10:12:44,068 - INFO - 1 change detected
2026-06-03 10:12:44,470 - INFO - 1 change detected
2026-06-03 10:12:44,883 - INFO - 1 change detected
2026-06-03 10:12:45,291 - INFO - 1 change detected
2026-06-03 10:12:45,701 - INFO - 1 change detected
2026-06-03 10:12:46,116 - INFO - 1 change detected
2026-06-03 10:12:46,530 - INFO - 1 change detected
2026-06-03 10:12:46,932 - INFO - 1 change detected
2026-06-03 10:12:47,345 - INFO - 1 change detected
2026-06-03 10:12:47,751 - INFO - 1 change detected
2026-06-03 10:12:48,102 - INFO - 1 change detected
2026-06-03 10:12:48,504 - INFO - 1 change detected
2026-06-03 10:12:48,914 - INFO - 1 change detected
2026-06-03 10:12:49,278 - INFO - 1 change detected
2026-06-03 10:12:49,689 - INFO - 1 change detected
2026-06-03 10:12:50,098 - INFO - 1 change detected
2026-06-03 10:12:50,502 - INFO - 1 change detected
2026-06-03 10:12:50,867 - INFO - 1 change detected
2026-06-03 10:12:51,281 - INFO - 1 change detected
2026-06-03 10:12:51,695 - INFO - 1 change detected
2026-06-03 10:12:52,050 - INFO - 1 change detected
2026-06-03 10:12:52,455 - INFO - 1 change detected
2026-06-03 10:12:52,809 - INFO - 1 change detected
2026-06-03 10:12:53,218 - INFO - 1 change detected
2026-06-03 10:12:53,633 - INFO - 1 change detected
2026-06-03 10:12:54,064 - INFO - 1 change detected
2026-06-03 10:12:54,420 - INFO - 1 change detected
2026-06-03 10:12:54,830 - INFO - 1 change detected
2026-06-03 10:12:55,238 - INFO - 1 change detected
2026-06-03 10:12:55,652 - INFO - 1 change detected
2026-06-03 10:12:56,059 - INFO - 1 change detected
2026-06-03 10:12:56,470 - INFO - 1 change detected
2026-06-03 10:12:56,876 - INFO - 1 change detected
2026-06-03 10:12:57,282 - INFO - 1 change detected
2026-06-03 10:12:57,689 - INFO - 1 change detected
2026-06-03 10:12:58,095 - INFO - 1 change detected
2026-06-03 10:12:58,553 - INFO - 3 changes detected
2026-06-03 10:12:59,184 - INFO - 1 change detected
2026-06-03 10:12:59,547 - INFO - 1 change detected
2026-06-03 10:12:59,909 - INFO - 1 change detected
2026-06-03 10:13:00,266 - INFO - 1 change detected
2026-06-03 10:13:00,623 - INFO - 1 change detected
2026-06-03 10:13:00,982 - INFO - 1 change detected
2026-06-03 10:13:01,348 - INFO - 1 change detected
2026-06-03 10:13:01,701 - INFO - 1 change detected
2026-06-03 10:13:02,053 - INFO - 1 change detected
2026-06-03 10:13:02,455 - INFO - 1 change detected
2026-06-03 10:13:02,815 - INFO - 1 change detected
2026-06-03 10:13:03,241 - INFO - 1 change detected
2026-06-03 10:13:03,646 - INFO - 1 change detected
2026-06-03 10:13:04,012 - INFO - 1 change detected
2026-06-03 10:13:04,439 - INFO - 1 change detected
2026-06-03 10:13:04,845 - INFO - 1 change detected
2026-06-03 10:13:05,309 - INFO - 1 change detected
2026-06-03 10:13:05,720 - INFO - 1 change detected
2026-06-03 10:13:06,083 - INFO - 1 change detected
2026-06-03 10:13:06,778 - INFO - 2 changes detected
2026-06-03 10:13:21,942 - INFO - 1 change detected
2026-06-03 10:13:22,589 - INFO - 1 change detected
2026-06-03 10:13:22,952 - INFO - 5 changes detected
2026-06-03 10:13:23,315 - INFO - 4 changes detected
2026-06-03 10:13:23,818 - INFO - 1 change detected
2026-06-03 10:13:24,498 - INFO - 1 change detected
2026-06-03 10:13:24,849 - INFO - 5 changes detected
2026-06-03 10:13:25,215 - INFO - 1 change detected
2026-06-03 10:13:25,872 - INFO - 1 change detected
2026-06-03 10:13:26,229 - INFO - 5 changes detected
2026-06-03 10:13:57,926 - INFO - 1 change detected
2026-06-03 10:13:58,591 - INFO - 1 change detected
2026-06-03 10:13:58,949 - INFO - 5 changes detected
2026-06-03 10:13:59,306 - INFO - 1 change detected
2026-06-03 10:14:00,115 - INFO - 1 change detected
2026-06-03 10:14:00,465 - INFO - 5 changes detected
2026-06-03 10:14:07,968 - INFO - 1 change detected
2026-06-03 10:14:08,732 - INFO - 2 changes detected
2026-06-03 10:14:10,284 - INFO - 7 changes detected
2026-06-03 10:14:11,679 - INFO - 2 changes detected
2026-06-03 10:14:13,299 - INFO - 6 changes detected
2026-06-03 10:14:21,593 - INFO - 1 change detected
2026-06-03 10:14:22,247 - INFO - 1 change detected
2026-06-03 10:14:22,770 - INFO - 5 changes detected
2026-06-03 10:15:08,916 - INFO - Forecast request received. Horizon=5
2026-06-03 10:16:44,285 - INFO - Forecast request received. Horizon=3
2026-06-03 10:16:53,613 - INFO - Forecast request received. Horizon=10
2026-06-03 10:17:24,832 - INFO - 3 changes detected
2026-06-03 10:17:27,800 - INFO - Forecast request received. Horizon=10
2026-06-03 10:17:27,800 - ERROR - Forecast error: [Errno 2] No such file or directory: 'C:\\Users\\com125\\Desktop\\Parth_Intern\\SRC\\models\\xgb_model.pkl'
2026-06-03 10:17:28,744 - INFO - Forecast request received. Horizon=10
2026-06-03 10:17:28,744 - ERROR - Forecast error: [Errno 2] No such file or directory: 'C:\\Users\\com125\\Desktop\\Parth_Intern\\SRC\\models\\xgb_model.pkl'
2026-06-03 10:17:44,035 - INFO - 3 changes detected
2026-06-03 10:17:46,712 - INFO - Forecast request received. Horizon=10
2026-06-03 10:18:23,650 - INFO - 3 changes detected
2026-06-03 10:18:24,054 - INFO - 1 change detected
2026-06-03 10:18:24,518 - INFO - 1 change detected
2026-06-03 10:18:24,893 - INFO - 1 change detected
2026-06-03 10:18:25,292 - INFO - 1 change detected
2026-06-03 10:18:25,698 - INFO - 1 change detected
2026-06-03 10:18:26,115 - INFO - 1 change detected
2026-06-03 10:18:26,518 - INFO - 1 change detected
2026-06-03 10:18:26,931 - INFO - 2 changes detected
2026-06-03 10:18:27,333 - INFO - 1 change detected
2026-06-03 10:18:27,735 - INFO - 1 change detected
2026-06-03 10:18:28,192 - INFO - 2 changes detected
2026-06-03 10:18:28,595 - INFO - 1 change detected
2026-06-03 10:18:29,000 - INFO - 1 change detected
2026-06-03 10:18:29,404 - INFO - 1 change detected
2026-06-03 10:18:29,815 - INFO - 1 change detected
2026-06-03 10:18:30,221 - INFO - 1 change detected
2026-06-03 10:18:30,624 - INFO - 1 change detected
2026-06-03 10:18:31,038 - INFO - 1 change detected
2026-06-03 10:18:31,440 - INFO - 1 change detected
2026-06-03 10:18:31,851 - INFO - 1 change detected
2026-06-03 10:18:32,253 - INFO - 1 change detected
2026-06-03 10:18:32,667 - INFO - 1 change detected
2026-06-03 10:18:33,029 - INFO - 1 change detected
2026-06-03 10:18:33,451 - INFO - 1 change detected
2026-06-03 10:18:33,866 - INFO - 1 change detected
2026-06-03 10:18:34,289 - INFO - 1 change detected
2026-06-03 10:18:34,698 - INFO - 1 change detected
2026-06-03 10:18:35,127 - INFO - 1 change detected
2026-06-03 10:18:35,532 - INFO - 1 change detected
2026-06-03 10:18:35,887 - INFO - 4 changes detected
2026-06-03 10:18:36,816 - INFO - 1 change detected
2026-06-03 10:18:37,180 - INFO - 1 change detected
2026-06-03 10:18:37,534 - INFO - 1 change detected
2026-06-03 10:18:37,895 - INFO - 1 change detected
2026-06-03 10:18:38,260 - INFO - 1 change detected
2026-06-03 10:18:38,613 - INFO - 1 change detected
2026-06-03 10:18:38,966 - INFO - 1 change detected
2026-06-03 10:18:39,326 - INFO - 1 change detected
2026-06-03 10:18:39,677 - INFO - 1 change detected
2026-06-03 10:18:40,028 - INFO - 1 change detected
2026-06-03 10:18:40,434 - INFO - 1 change detected
2026-06-03 10:18:40,836 - INFO - 1 change detected
2026-06-03 10:18:41,239 - INFO - 1 change detected
2026-06-03 10:18:41,640 - INFO - 1 change detected
2026-06-03 10:18:42,042 - INFO - 1 change detected
2026-06-03 10:18:42,449 - INFO - 1 change detected
2026-06-03 10:18:42,827 - INFO - 1 change detected
2026-06-03 10:18:43,237 - INFO - 1 change detected
2026-06-03 10:20:32,011 - INFO - 1 change detected
2026-06-03 10:20:32,717 - INFO - 2 changes detected
2026-06-03 10:20:34,200 - INFO - 1 change detected
2026-06-03 10:21:21,816 - INFO - Forecast request received. Horizon=15
2026-06-03 10:21:41,040 - INFO - Forecast request received. Horizon=3
2026-06-03 10:27:01,857 - INFO - 2 changes detected
2026-06-03 10:27:02,216 - INFO - 1 change detected
2026-06-03 10:27:02,618 - INFO - 1 change detected
2026-06-03 10:27:03,030 - INFO - 1 change detected
2026-06-03 10:27:03,435 - INFO - 2 changes detected
2026-06-03 10:27:03,800 - INFO - 1 change detected
2026-06-03 10:27:04,216 - INFO - 1 change detected
2026-06-03 10:27:04,581 - INFO - 1 change detected
2026-06-03 10:27:04,985 - INFO - 1 change detected
2026-06-03 10:27:05,404 - INFO - 1 change detected
2026-06-03 10:27:05,816 - INFO - 1 change detected
2026-06-03 10:27:06,218 - INFO - 1 change detected
2026-06-03 10:27:06,621 - INFO - 1 change detected
2026-06-03 10:27:06,984 - INFO - 1 change detected
2026-06-03 10:27:07,399 - INFO - 1 change detected
2026-06-03 10:27:07,801 - INFO - 1 change detected
2026-06-03 10:27:08,203 - INFO - 1 change detected
2026-06-03 10:27:08,618 - INFO - 1 change detected
2026-06-03 10:27:08,983 - INFO - 1 change detected
2026-06-03 10:27:09,399 - INFO - 1 change detected
2026-06-03 10:27:09,806 - INFO - 1 change detected
2026-06-03 10:27:10,168 - INFO - 1 change detected
2026-06-03 10:27:10,582 - INFO - 1 change detected
2026-06-03 10:27:10,989 - INFO - 1 change detected
2026-06-03 10:27:11,390 - INFO - 1 change detected
2026-06-03 10:27:11,799 - INFO - 1 change detected
2026-06-03 10:27:12,253 - INFO - 1 change detected
2026-06-03 10:27:12,661 - INFO - 1 change detected
2026-06-03 10:27:13,069 - INFO - 1 change detected
2026-06-03 10:27:13,433 - INFO - 1 change detected
2026-06-03 10:27:13,938 - INFO - 1 change detected
2026-06-03 10:27:14,351 - INFO - 1 change detected
2026-06-03 10:27:14,767 - INFO - 1 change detected
2026-06-03 10:27:15,170 - INFO - 1 change detected
2026-06-03 10:27:15,582 - INFO - 1 change detected
2026-06-03 10:27:15,984 - INFO - 1 change detected
2026-06-03 10:27:16,385 - INFO - 1 change detected
2026-06-03 10:27:16,802 - INFO - 1 change detected
2026-06-03 10:27:17,203 - INFO - 1 change detected
2026-06-03 10:27:17,607 - INFO - 1 change detected
2026-06-03 10:27:18,017 - INFO - 1 change detected
2026-06-03 10:27:18,423 - INFO - 1 change detected
2026-06-03 10:27:18,833 - INFO - 1 change detected
2026-06-03 10:27:19,236 - INFO - 1 change detected
2026-06-03 10:27:19,643 - INFO - 1 change detected
2026-06-03 10:27:20,060 - INFO - 1 change detected
2026-06-03 10:27:20,426 - INFO - 1 change detected
2026-06-03 10:27:20,833 - INFO - 1 change detected
2026-06-03 10:27:21,244 - INFO - 1 change detected
2026-06-03 10:27:21,651 - INFO - 1 change detected
2026-06-03 10:27:22,015 - INFO - 1 change detected
2026-06-03 10:27:22,418 - INFO - 1 change detected
2026-06-03 10:27:22,822 - INFO - 1 change detected
2026-06-03 10:27:23,239 - INFO - 1 change detected
2026-06-03 10:27:23,650 - INFO - 1 change detected
2026-06-03 10:27:24,018 - INFO - 1 change detected
2026-06-03 10:27:24,426 - INFO - 1 change detected
2026-06-03 10:27:24,830 - INFO - 1 change detected
2026-06-03 10:27:25,244 - INFO - 1 change detected
2026-06-03 10:27:25,607 - INFO - 1 change detected
2026-06-03 10:27:26,014 - INFO - 1 change detected
2026-06-03 10:27:26,423 - INFO - 1 change detected
2026-06-03 10:27:26,880 - INFO - 1 change detected
2026-06-03 10:27:27,299 - INFO - 1 change detected
2026-06-03 10:27:27,704 - INFO - 1 change detected
2026-06-03 10:27:28,077 - INFO - 1 change detected
2026-06-03 10:27:28,486 - INFO - 1 change detected
2026-06-03 10:27:28,949 - INFO - 1 change detected
2026-06-03 10:27:29,305 - INFO - 1 change detected
2026-06-03 10:27:29,718 - INFO - 1 change detected
2026-06-03 10:27:30,135 - INFO - 1 change detected
2026-06-03 10:27:30,537 - INFO - 1 change detected
2026-06-03 10:27:30,954 - INFO - 1 change detected
2026-06-03 10:27:31,369 - INFO - 1 change detected
2026-06-03 10:27:31,773 - INFO - 1 change detected
2026-06-03 10:27:32,145 - INFO - 1 change detected
2026-06-03 10:27:32,599 - INFO - 1 change detected
2026-06-03 10:27:33,009 - INFO - 1 change detected
2026-06-03 10:27:33,416 - INFO - 1 change detected
2026-06-03 10:27:33,827 - INFO - 1 change detected
2026-06-03 10:27:34,230 - INFO - 1 change detected
2026-06-03 10:27:34,632 - INFO - 1 change detected
2026-06-03 10:27:35,014 - INFO - 1 change detected
2026-06-03 10:27:35,436 - INFO - 1 change detected
2026-06-03 10:27:35,839 - INFO - 1 change detected
2026-06-03 10:27:36,241 - INFO - 1 change detected
2026-06-03 10:27:36,657 - INFO - 1 change detected
2026-06-03 10:27:37,060 - INFO - 1 change detected
2026-06-03 10:27:37,466 - INFO - 1 change detected
2026-06-03 10:27:37,867 - INFO - 1 change detected
2026-06-03 10:27:38,270 - INFO - 1 change detected
2026-06-03 10:27:38,630 - INFO - 1 change detected
2026-06-03 10:27:39,051 - INFO - 1 change detected
2026-06-03 10:27:39,471 - INFO - 1 change detected
2026-06-03 10:27:39,887 - INFO - 1 change detected
2026-06-03 10:27:40,303 - INFO - 1 change detected
2026-06-03 10:27:40,718 - INFO - 1 change detected
2026-06-03 10:27:41,127 - INFO - 1 change detected
2026-06-03 10:27:41,548 - INFO - 1 change detected
2026-06-03 10:27:41,953 - INFO - 1 change detected
2026-06-03 10:27:42,318 - INFO - 1 change detected
2026-06-03 10:27:42,732 - INFO - 1 change detected
2026-06-03 10:27:43,193 - INFO - 1 change detected
2026-06-03 10:27:43,554 - INFO - 1 change detected
2026-06-03 10:27:44,018 - INFO - 1 change detected
2026-06-03 10:27:44,429 - INFO - 1 change detected
2026-06-03 10:27:44,857 - INFO - 1 change detected
2026-06-03 10:27:45,282 - INFO - 1 change detected
2026-06-03 10:27:45,698 - INFO - 1 change detected
2026-06-03 10:27:46,100 - INFO - 1 change detected
2026-06-03 10:27:46,517 - INFO - 1 change detected
2026-06-03 10:27:46,920 - INFO - 1 change detected
2026-06-03 10:27:47,280 - INFO - 1 change detected
2026-06-03 10:27:47,694 - INFO - 1 change detected
2026-06-03 10:27:48,112 - INFO - 1 change detected
2026-06-03 10:27:48,516 - INFO - 1 change detected
2026-06-03 10:27:48,889 - INFO - 1 change detected
2026-06-03 10:27:49,301 - INFO - 1 change detected
2026-06-03 10:27:49,704 - INFO - 1 change detected
2026-06-03 10:27:50,106 - INFO - 1 change detected
2026-06-03 10:27:50,522 - INFO - 1 change detected
2026-06-03 10:27:50,925 - INFO - 1 change detected
2026-06-03 10:27:51,328 - INFO - 1 change detected
2026-06-03 10:27:51,745 - INFO - 1 change detected
2026-06-03 10:27:52,147 - INFO - 1 change detected
2026-06-03 10:27:52,566 - INFO - 1 change detected
2026-06-03 10:27:52,982 - INFO - 1 change detected
2026-06-03 10:27:53,393 - INFO - 1 change detected
2026-06-03 10:27:53,801 - INFO - 1 change detected
2026-06-03 10:27:54,203 - INFO - 1 change detected
2026-06-03 10:27:54,611 - INFO - 1 change detected
2026-06-03 10:27:55,017 - INFO - 1 change detected
2026-06-03 10:27:55,427 - INFO - 1 change detected
2026-06-03 10:27:55,841 - INFO - 1 change detected
2026-06-03 10:27:56,258 - INFO - 1 change detected
2026-06-03 10:27:56,665 - INFO - 1 change detected
2026-06-03 10:27:57,075 - INFO - 1 change detected
2026-06-03 10:27:57,492 - INFO - 1 change detected
2026-06-03 10:27:57,907 - INFO - 1 change detected
2026-06-03 10:27:58,318 - INFO - 1 change detected
2026-06-03 10:27:58,720 - INFO - 1 change detected
2026-06-03 10:27:59,130 - INFO - 1 change detected
2026-06-03 10:27:59,500 - INFO - 1 change detected
2026-06-03 10:27:59,917 - INFO - 1 change detected
2026-06-03 10:28:00,371 - INFO - 1 change detected
2026-06-03 10:28:00,787 - INFO - 1 change detected
2026-06-03 10:28:01,189 - INFO - 1 change detected
2026-06-03 10:28:01,591 - INFO - 1 change detected
2026-06-03 10:28:02,002 - INFO - 1 change detected
2026-06-03 10:28:02,408 - INFO - 1 change detected
2026-06-03 10:28:02,812 - INFO - 1 change detected
2026-06-03 10:28:03,220 - INFO - 1 change detected
2026-06-03 10:28:03,633 - INFO - 1 change detected
2026-06-03 10:28:04,064 - INFO - 1 change detected
2026-06-03 10:28:04,428 - INFO - 1 change detected
2026-06-03 10:28:04,838 - INFO - 1 change detected
2026-06-03 10:28:05,291 - INFO - 1 change detected
2026-06-03 10:28:05,705 - INFO - 1 change detected
2026-06-03 10:28:06,114 - INFO - 1 change detected
2026-06-03 10:28:06,525 - INFO - 1 change detected
2026-06-03 10:28:06,927 - INFO - 1 change detected
2026-06-03 10:28:07,343 - INFO - 1 change detected
2026-06-03 10:28:07,759 - INFO - 1 change detected
2026-06-03 10:28:08,162 - INFO - 1 change detected
2026-06-03 10:28:08,592 - INFO - 1 change detected
2026-06-03 10:28:09,010 - INFO - 1 change detected
2026-06-03 10:28:09,412 - INFO - 1 change detected
2026-06-03 10:28:09,815 - INFO - 1 change detected
2026-06-03 10:28:10,231 - INFO - 1 change detected
2026-06-03 10:28:10,633 - INFO - 1 change detected
2026-06-03 10:28:11,035 - INFO - 1 change detected
2026-06-03 10:28:11,488 - INFO - 1 change detected
2026-06-03 10:28:11,890 - INFO - 1 change detected
2026-06-03 10:28:12,302 - INFO - 1 change detected
2026-06-03 10:28:12,709 - INFO - 1 change detected
2026-06-03 10:28:13,117 - INFO - 1 change detected
2026-06-03 10:28:13,533 - INFO - 1 change detected
2026-06-03 10:28:13,902 - INFO - 1 change detected
2026-06-03 10:28:14,305 - INFO - 1 change detected
2026-06-03 10:28:14,711 - INFO - 1 change detected
2026-06-03 10:28:15,126 - INFO - 1 change detected
2026-06-03 10:28:15,544 - INFO - 1 change detected
2026-06-03 10:28:15,960 - INFO - 1 change detected
2026-06-03 10:28:16,388 - INFO - 1 change detected
2026-06-03 10:28:16,748 - INFO - 1 change detected
2026-06-03 10:28:17,163 - INFO - 1 change detected
2026-06-03 10:28:17,566 - INFO - 1 change detected
2026-06-03 10:28:17,982 - INFO - 1 change detected
2026-06-03 10:28:18,399 - INFO - 1 change detected
2026-06-03 10:28:18,801 - INFO - 1 change detected
2026-06-03 10:28:19,254 - INFO - 1 change detected
2026-06-03 10:28:19,668 - INFO - 1 change detected
2026-06-03 10:28:20,080 - INFO - 1 change detected
2026-06-03 10:28:20,505 - INFO - 1 change detected
2026-06-03 10:28:20,923 - INFO - 1 change detected
2026-06-03 10:28:21,340 - INFO - 1 change detected
2026-06-03 10:28:21,751 - INFO - 1 change detected
2026-06-03 10:28:22,158 - INFO - 1 change detected
2026-06-03 10:28:22,531 - INFO - 1 change detected
2026-06-03 10:28:22,943 - INFO - 1 change detected
2026-06-03 10:28:23,368 - INFO - 1 change detected
2026-06-03 10:28:23,735 - INFO - 1 change detected
2026-06-03 10:28:24,146 - INFO - 1 change detected
2026-06-03 10:28:24,563 - INFO - 1 change detected
2026-06-03 10:28:24,967 - INFO - 1 change detected
2026-06-03 10:28:25,381 - INFO - 1 change detected
2026-06-03 10:28:25,841 - INFO - 1 change detected
2026-06-03 10:28:26,200 - INFO - 1 change detected
2026-06-03 10:28:26,664 - INFO - 1 change detected
2026-06-03 10:28:27,085 - INFO - 1 change detected
2026-06-03 10:28:27,448 - INFO - 1 change detected
2026-06-03 10:28:27,911 - INFO - 1 change detected
2026-06-03 10:28:28,274 - INFO - 1 change detected
2026-06-03 10:28:28,688 - INFO - 1 change detected
2026-06-03 10:28:29,090 - INFO - 1 change detected
2026-06-03 10:28:29,452 - INFO - 1 change detected
2026-06-03 10:28:29,905 - INFO - 1 change detected
2026-06-03 10:28:30,315 - INFO - 1 change detected
2026-06-03 10:28:30,732 - INFO - 1 change detected
2026-06-03 10:28:31,149 - INFO - 1 change detected
2026-06-03 10:28:31,564 - INFO - 1 change detected
2026-06-03 10:28:31,967 - INFO - 1 change detected
2026-06-03 10:28:32,384 - INFO - 1 change detected
2026-06-03 10:28:32,809 - INFO - 1 change detected
2026-06-03 10:28:33,216 - INFO - 1 change detected
2026-06-03 10:28:33,634 - INFO - 1 change detected
2026-06-03 10:28:34,059 - INFO - 1 change detected
2026-06-03 10:28:34,467 - INFO - 1 change detected
2026-06-03 10:28:34,878 - INFO - 1 change detected
2026-06-03 10:28:35,296 - INFO - 1 change detected
2026-06-03 10:28:35,698 - INFO - 1 change detected
2026-06-03 10:28:36,100 - INFO - 1 change detected
2026-06-03 10:28:36,517 - INFO - 1 change detected
2026-06-03 10:28:36,928 - INFO - 1 change detected
2026-06-03 10:28:37,296 - INFO - 1 change detected
2026-06-03 10:28:37,709 - INFO - 1 change detected
2026-06-03 10:28:38,111 - INFO - 1 change detected
2026-06-03 10:28:38,513 - INFO - 1 change detected
2026-06-03 10:28:38,915 - INFO - 1 change detected
2026-06-03 10:28:39,367 - INFO - 1 change detected
2026-06-03 10:28:39,784 - INFO - 1 change detected
2026-06-03 10:28:40,189 - INFO - 1 change detected
2026-06-03 10:28:40,561 - INFO - 1 change detected
2026-06-03 10:28:40,972 - INFO - 1 change detected
2026-06-03 10:28:41,385 - INFO - 1 change detected
2026-06-03 10:28:41,798 - INFO - 1 change detected
2026-06-03 10:28:42,212 - INFO - 1 change detected
2026-06-03 10:28:42,625 - INFO - 1 change detected
2026-06-03 10:28:43,040 - INFO - 1 change detected
2026-06-03 10:28:43,443 - INFO - 1 change detected
2026-06-03 10:28:43,859 - INFO - 1 change detected
2026-06-03 10:28:44,235 - INFO - 1 change detected
2026-06-03 10:28:44,695 - INFO - 1 change detected
2026-06-03 10:28:45,101 - INFO - 1 change detected
2026-06-03 10:28:45,532 - INFO - 1 change detected
2026-06-03 10:28:45,950 - INFO - 1 change detected
2026-06-03 10:28:46,324 - INFO - 1 change detected
2026-06-03 10:28:46,735 - INFO - 1 change detected
2026-06-03 10:28:47,139 - INFO - 1 change detected
2026-06-03 10:28:47,556 - INFO - 1 change detected
2026-06-03 10:28:47,968 - INFO - 1 change detected
2026-06-03 10:28:48,370 - INFO - 1 change detected
2026-06-03 10:28:48,776 - INFO - 1 change detected
2026-06-03 10:28:49,184 - INFO - 1 change detected
2026-06-03 10:28:49,547 - INFO - 1 change detected
2026-06-03 10:28:50,001 - INFO - 1 change detected
2026-06-03 10:28:50,409 - INFO - 1 change detected
2026-06-03 10:28:50,812 - INFO - 1 change detected
2026-06-03 10:28:51,218 - INFO - 1 change detected
2026-06-03 10:28:51,643 - INFO - 1 change detected
2026-06-03 10:28:52,048 - INFO - 1 change detected
2026-06-03 10:28:52,451 - INFO - 1 change detected
2026-06-03 10:28:52,866 - INFO - 1 change detected
2026-06-03 10:28:53,268 - INFO - 1 change detected
2026-06-03 10:28:53,671 - INFO - 1 change detected
2026-06-03 10:28:54,088 - INFO - 1 change detected
2026-06-03 10:28:54,505 - INFO - 1 change detected
2026-06-03 10:28:54,909 - INFO - 1 change detected
2026-06-03 10:28:55,314 - INFO - 1 change detected
2026-06-03 10:28:55,674 - INFO - 1 change detected
2026-06-03 10:28:56,080 - INFO - 1 change detected
2026-06-03 10:28:56,486 - INFO - 1 change detected
2026-06-03 10:28:56,900 - INFO - 1 change detected
2026-06-03 10:28:57,316 - INFO - 1 change detected
2026-06-03 10:28:57,732 - INFO - 1 change detected
2026-06-03 10:28:58,091 - INFO - 1 change detected
2026-06-03 10:28:58,501 - INFO - 1 change detected
2026-06-03 10:28:58,903 - INFO - 1 change detected
2026-06-03 10:28:59,314 - INFO - 1 change detected
2026-06-03 10:28:59,668 - INFO - 2 changes detected
2026-06-03 10:29:00,083 - INFO - 2 changes detected
2026-06-03 10:29:00,439 - INFO - 1 change detected
2026-06-03 10:29:00,854 - INFO - 1 change detected
2026-06-03 10:29:01,256 - INFO - 1 change detected
2026-06-03 10:29:01,671 - INFO - 1 change detected
2026-06-03 10:29:02,085 - INFO - 1 change detected
2026-06-03 10:29:02,538 - INFO - 1 change detected
2026-06-03 10:29:03,017 - INFO - 1 change detected
2026-06-03 10:29:03,427 - INFO - 1 change detected
2026-06-03 10:29:03,835 - INFO - 1 change detected
2026-06-03 10:29:04,251 - INFO - 1 change detected
2026-06-03 10:29:04,669 - INFO - 1 change detected
2026-06-03 10:29:05,072 - INFO - 1 change detected
2026-06-03 10:29:05,436 - INFO - 1 change detected
2026-06-03 10:29:05,861 - INFO - 1 change detected
2026-06-03 10:29:06,338 - INFO - 2 changes detected
2026-06-03 10:29:06,740 - INFO - 1 change detected
2026-06-03 10:29:07,102 - INFO - 1 change detected
2026-06-03 10:29:07,467 - INFO - 1 change detected
2026-06-03 10:29:07,831 - INFO - 1 change detected
2026-06-03 10:29:08,195 - INFO - 1 change detected
2026-06-03 10:29:08,552 - INFO - 1 change detected
2026-06-03 10:29:08,968 - INFO - 1 change detected
2026-06-03 10:29:09,342 - INFO - 1 change detected
2026-06-03 10:29:09,750 - INFO - 1 change detected
2026-06-03 10:29:10,167 - INFO - 1 change detected
2026-06-03 10:29:10,582 - INFO - 1 change detected
2026-06-03 10:29:10,986 - INFO - 1 change detected
2026-06-03 10:29:11,352 - INFO - 1 change detected
2026-06-03 10:29:11,755 - INFO - 1 change detected
2026-06-03 10:29:12,217 - INFO - 1 change detected
2026-06-03 10:29:12,583 - INFO - 1 change detected
2026-06-03 10:29:12,985 - INFO - 1 change detected
2026-06-03 10:29:13,397 - INFO - 1 change detected
2026-06-03 10:29:13,852 - INFO - 1 change detected
2026-06-03 10:29:14,203 - INFO - 1 change detected
2026-06-03 10:29:14,611 - INFO - 1 change detected
2026-06-03 10:29:15,018 - INFO - 1 change detected
2026-06-03 10:29:15,471 - INFO - 1 change detected
2026-06-03 10:29:15,879 - INFO - 1 change detected
2026-06-03 10:29:16,295 - INFO - 1 change detected
2026-06-03 10:29:16,697 - INFO - 1 change detected
2026-06-03 10:29:17,101 - INFO - 1 change detected
2026-06-03 10:29:17,517 - INFO - 1 change detected
2026-06-03 10:29:17,926 - INFO - 1 change detected
2026-06-03 10:29:18,342 - INFO - 1 change detected
2026-06-03 10:29:18,744 - INFO - 1 change detected
2026-06-03 10:29:19,151 - INFO - 1 change detected
2026-06-03 10:29:19,554 - INFO - 1 change detected
2026-06-03 10:29:19,955 - INFO - 1 change detected
2026-06-03 10:29:20,370 - INFO - 1 change detected
2026-06-03 10:29:20,784 - INFO - 1 change detected
2026-06-03 10:29:21,151 - INFO - 1 change detected
2026-06-03 10:29:21,563 - INFO - 1 change detected
2026-06-03 10:29:21,967 - INFO - 1 change detected
2026-06-03 10:29:22,383 - INFO - 1 change detected
2026-06-03 10:29:22,749 - INFO - 1 change detected
2026-06-03 10:29:23,167 - INFO - 1 change detected
2026-06-03 10:29:23,569 - INFO - 1 change detected
2026-06-03 10:29:23,985 - INFO - 1 change detected
2026-06-03 10:29:24,386 - INFO - 1 change detected
2026-06-03 10:29:24,798 - INFO - 1 change detected
2026-06-03 10:29:25,252 - INFO - 1 change detected
2026-06-03 10:29:25,655 - INFO - 1 change detected
2026-06-03 10:29:26,070 - INFO - 1 change detected
2026-06-03 10:29:26,485 - INFO - 1 change detected
2026-06-03 10:29:26,888 - INFO - 1 change detected
2026-06-03 10:29:27,302 - INFO - 1 change detected
2026-06-03 10:29:27,712 - INFO - 1 change detected
2026-06-03 10:29:28,116 - INFO - 1 change detected
2026-06-03 10:29:28,478 - INFO - 1 change detected
2026-06-03 10:29:28,882 - INFO - 1 change detected
2026-06-03 10:29:29,284 - INFO - 1 change detected
2026-06-03 10:29:29,696 - INFO - 1 change detected
2026-06-03 10:29:30,104 - INFO - 1 change detected
2026-06-03 10:29:30,467 - INFO - 1 change detected
2026-06-03 10:29:30,883 - INFO - 1 change detected
2026-06-03 10:29:31,285 - INFO - 1 change detected
2026-06-03 10:29:31,648 - INFO - 1 change detected
2026-06-03 10:29:32,055 - INFO - 1 change detected
2026-06-03 10:29:32,457 - INFO - 1 change detected
2026-06-03 10:29:32,817 - INFO - 1 change detected
2026-06-03 10:29:33,242 - INFO - 1 change detected
2026-06-03 10:29:33,601 - INFO - 1 change detected
2026-06-03 10:29:34,012 - INFO - 1 change detected
2026-06-03 10:29:34,429 - INFO - 1 change detected
2026-06-03 10:29:34,833 - INFO - 1 change detected
2026-06-03 10:29:35,204 - INFO - 1 change detected
2026-06-03 10:29:35,664 - INFO - 1 change detected
2026-06-03 10:29:36,066 - INFO - 1 change detected
2026-06-03 10:29:36,468 - INFO - 1 change detected
2026-06-03 10:29:36,826 - INFO - 1 change detected
2026-06-03 10:29:37,282 - INFO - 1 change detected
2026-06-03 10:29:37,685 - INFO - 1 change detected
2026-06-03 10:29:38,101 - INFO - 1 change detected
2026-06-03 10:29:38,503 - INFO - 1 change detected
2026-06-03 10:29:38,905 - INFO - 1 change detected
2026-06-03 10:29:39,307 - INFO - 1 change detected
2026-06-03 10:29:39,725 - INFO - 1 change detected
2026-06-03 10:29:40,127 - INFO - 1 change detected
2026-06-03 10:29:40,481 - INFO - 1 change detected
2026-06-03 10:29:40,934 - INFO - 1 change detected
2026-06-03 10:29:41,351 - INFO - 1 change detected
2026-06-03 10:29:41,770 - INFO - 1 change detected
2026-06-03 10:29:42,139 - INFO - 1 change detected
2026-06-03 10:29:42,551 - INFO - 1 change detected
2026-06-03 10:29:42,968 - INFO - 1 change detected
2026-06-03 10:29:43,377 - INFO - 1 change detected
2026-06-03 10:29:43,739 - INFO - 2 changes detected
2026-06-03 10:29:44,104 - INFO - 1 change detected
2026-06-03 10:29:44,461 - INFO - 1 change detected
2026-06-03 10:29:44,816 - INFO - 1 change detected
2026-06-03 10:29:45,222 - INFO - 1 change detected
2026-06-03 10:29:45,592 - INFO - 1 change detected
2026-06-03 10:29:46,001 - INFO - 1 change detected
2026-06-03 10:29:46,406 - INFO - 1 change detected
2026-06-03 10:29:46,817 - INFO - 1 change detected
2026-06-03 10:29:47,278 - INFO - 1 change detected
2026-06-03 10:29:47,636 - INFO - 1 change detected
2026-06-03 10:29:48,051 - INFO - 1 change detected
2026-06-03 10:29:48,464 - INFO - 1 change detected
2026-06-03 10:29:48,867 - INFO - 1 change detected
2026-06-03 10:29:49,236 - INFO - 1 change detected
2026-06-03 10:29:49,705 - INFO - 1 change detected
2026-06-03 10:29:50,060 - INFO - 1 change detected
2026-06-03 10:29:50,464 - INFO - 1 change detected
2026-06-03 10:29:50,868 - INFO - 1 change detected
2026-06-03 10:29:51,273 - INFO - 1 change detected
2026-06-03 10:29:51,675 - INFO - 1 change detected
2026-06-03 10:29:52,083 - INFO - 1 change detected
2026-06-03 10:29:52,434 - INFO - 2 changes detected
2026-06-03 10:29:52,788 - INFO - 1 change detected
2026-06-03 10:29:53,150 - INFO - 1 change detected
2026-06-03 10:29:53,572 - INFO - 1 change detected
2026-06-03 10:29:53,984 - INFO - 1 change detected
2026-06-03 10:29:54,390 - INFO - 1 change detected
2026-06-03 10:29:54,798 - INFO - 1 change detected
2026-06-03 10:29:55,159 - INFO - 2 changes detected
2026-06-03 10:29:55,519 - INFO - 1 change detected
2026-06-03 10:29:55,877 - INFO - 1 change detected
2026-06-03 10:29:56,229 - INFO - 1 change detected
2026-06-03 10:29:56,581 - INFO - 1 change detected
2026-06-03 10:29:56,934 - INFO - 1 change detected
2026-06-03 10:29:57,285 - INFO - 1 change detected
2026-06-03 10:29:57,689 - INFO - 1 change detected
2026-06-03 10:29:58,101 - INFO - 1 change detected
2026-06-03 10:29:58,503 - INFO - 1 change detected
2026-06-03 10:29:58,854 - INFO - 1 change detected
2026-06-03 10:29:59,267 - INFO - 1 change detected
2026-06-03 10:29:59,671 - INFO - 1 change detected
2026-06-03 10:30:00,086 - INFO - 1 change detected
2026-06-03 10:30:00,451 - INFO - 1 change detected
2026-06-03 10:30:00,867 - INFO - 1 change detected
2026-06-03 10:30:01,283 - INFO - 1 change detected
2026-06-03 10:30:01,686 - INFO - 1 change detected
2026-06-03 10:30:02,087 - INFO - 1 change detected
2026-06-03 10:30:02,521 - INFO - 1 change detected
2026-06-03 10:30:02,924 - INFO - 1 change detected
2026-06-03 10:30:03,339 - INFO - 1 change detected
2026-06-03 10:30:03,750 - INFO - 1 change detected
2026-06-03 10:30:04,117 - INFO - 1 change detected
2026-06-03 10:30:04,526 - INFO - 1 change detected
2026-06-03 10:30:04,938 - INFO - 1 change detected
2026-06-03 10:30:05,350 - INFO - 1 change detected
2026-06-03 10:30:05,701 - INFO - 1 change detected
2026-06-03 10:30:06,104 - INFO - 1 change detected
2026-06-03 10:30:06,518 - INFO - 1 change detected
2026-06-03 10:30:06,879 - INFO - 1 change detected
2026-06-03 10:30:07,301 - INFO - 1 change detected
2026-06-03 10:30:07,706 - INFO - 1 change detected
2026-06-03 10:30:08,121 - INFO - 1 change detected
2026-06-03 10:30:08,537 - INFO - 1 change detected
2026-06-03 10:30:08,940 - INFO - 1 change detected
2026-06-03 10:30:09,356 - INFO - 1 change detected
2026-06-03 10:30:09,767 - INFO - 1 change detected
2026-06-03 10:30:10,181 - INFO - 1 change detected
2026-06-03 10:30:10,593 - INFO - 1 change detected
2026-06-03 10:30:11,001 - INFO - 1 change detected
2026-06-03 10:30:11,361 - INFO - 1 change detected
2026-06-03 10:30:11,768 - INFO - 1 change detected
2026-06-03 10:30:12,183 - INFO - 1 change detected
2026-06-03 10:30:12,601 - INFO - 1 change detected
2026-06-03 10:30:12,967 - INFO - 1 change detected
2026-06-03 10:30:13,382 - INFO - 1 change detected
2026-06-03 10:30:13,747 - INFO - 1 change detected
2026-06-03 10:30:14,163 - INFO - 1 change detected
2026-06-03 10:30:14,581 - INFO - 1 change detected
2026-06-03 10:30:14,986 - INFO - 1 change detected
2026-06-03 10:30:15,342 - INFO - 1 change detected
2026-06-03 10:30:15,747 - INFO - 1 change detected
2026-06-03 10:30:16,150 - INFO - 1 change detected
2026-06-03 10:30:16,517 - INFO - 1 change detected
2026-06-03 10:30:16,928 - INFO - 1 change detected
2026-06-03 10:30:17,284 - INFO - 1 change detected
2026-06-03 10:30:17,687 - INFO - 1 change detected
2026-06-03 10:30:18,096 - INFO - 1 change detected
2026-06-03 10:30:18,507 - INFO - 1 change detected
2026-06-03 10:30:18,916 - INFO - 1 change detected
2026-06-03 10:30:19,329 - INFO - 1 change detected
2026-06-03 10:30:19,733 - INFO - 1 change detected
2026-06-03 10:30:20,092 - INFO - 1 change detected
2026-06-03 10:30:20,506 - INFO - 1 change detected
2026-06-03 10:30:20,918 - INFO - 1 change detected
2026-06-03 10:30:21,324 - INFO - 1 change detected
2026-06-03 10:30:21,732 - INFO - 1 change detected
2026-06-03 10:30:22,135 - INFO - 1 change detected
2026-06-03 10:30:22,548 - INFO - 1 change detected
2026-06-03 10:30:22,952 - INFO - 1 change detected
